<?xml version="1.0" encoding="UTF-8"?>
<!-- Generated by org.testng.reporters.JUnitXMLReporter -->
<testsuite ignored="2" hostname="DESKTOP-STS6QSQ" failures="1" tests="2" name="Test" time="39.562" errors="0" timestamp="2021-09-05T16:20:46 IST">
  <testcase classname="com.testCases.TC_LoginTest_001" name="loginTest" time="10.977"/>
  <testcase classname="com.testCases.TC_LoginTest_002" name="formTest" time="15.001">
    <failure type="java.lang.ClassCastException" message="class org.openqa.selenium.By$ByXPath cannot be cast to class org.openqa.selenium.WebElement (org.openqa.selenium.By$ByXPath and org.openqa.selenium.WebElement are in unnamed module of loader &amp;apos;app&amp;apos;)">
      <![CDATA[java.lang.ClassCastException: class org.openqa.selenium.By$ByXPath cannot be cast to class org.openqa.selenium.WebElement (org.openqa.selenium.By$ByXPath and org.openqa.selenium.WebElement are in unnamed module of loader 'app')
at com.pageObjects.FormPage.<init>(FormPage.java:26)
at com.testCases.TC_LoginTest_002.formTest(TC_LoginTest_002.java:32)
at java.base/java.util.ArrayList.forEach(ArrayList.java:1511)
... Removed 27 stack frames]]>
    </failure>
  </testcase> <!-- formTest -->
  <testcase classname="com.utilities.BaseClass" name="@AfterTest tearDown" time="0.0">
    <ignored/>
  </testcase> <!-- @AfterTest tearDown -->
  <testcase classname="com.utilities.BaseClass" name="@BeforeTest initializeDriver" time="0.0">
    <ignored/>
  </testcase> <!-- @BeforeTest initializeDriver -->
</testsuite> <!-- Test -->
