<?xml version="1.0" encoding="UTF-8"?>
<testng-results ignored="0" total="8" passed="5" failed="3" skipped="0">
  <reporter-output>
  </reporter-output>
  <suite started-at="2021-09-15T14:41:30 IST" name="Suite" finished-at="2021-09-15T14:42:50 IST" duration-ms="79682">
    <groups>
    </groups>
    <test started-at="2021-09-15T14:41:30 IST" name="Login Test" finished-at="2021-09-15T14:41:48 IST" duration-ms="18441">
      <class name="com.testCases.TC_LoginTest_001">
        <test-method is-config="true" signature="init()[pri:0, instance:com.testCases.TC_LoginTest_001@3fa247d1]" started-at="2021-09-15T14:41:30 IST" name="init" finished-at="2021-09-15T14:41:46 IST" duration-ms="16080" status="PASS">
          <reporter-output>
          </reporter-output>
        </test-method> <!-- init -->
        <test-method signature="loginTest()[pri:0, instance:com.testCases.TC_LoginTest_001@3fa247d1]" started-at="2021-09-15T14:41:46 IST" name="loginTest" finished-at="2021-09-15T14:41:48 IST" duration-ms="1624" status="FAIL">
          <exception class="java.lang.AssertionError">
            <message>
              <![CDATA[expected [true] but found [false]]]>
            </message>
            <full-stacktrace>
              <![CDATA[java.lang.AssertionError: expected [true] but found [false]
at org.testng.Assert.fail(Assert.java:99)
at org.testng.Assert.failNotEquals(Assert.java:1037)
at org.testng.Assert.assertTrue(Assert.java:45)
at org.testng.Assert.assertTrue(Assert.java:55)
at com.testCases.TC_LoginTest_001.loginTest(TC_LoginTest_001.java:47)
at java.base/jdk.internal.reflect.NativeMethodAccessorImpl.invoke0(Native Method)
at java.base/jdk.internal.reflect.NativeMethodAccessorImpl.invoke(NativeMethodAccessorImpl.java:64)
at java.base/jdk.internal.reflect.DelegatingMethodAccessorImpl.invoke(DelegatingMethodAccessorImpl.java:43)
at java.base/java.lang.reflect.Method.invoke(Method.java:564)
at org.testng.internal.MethodInvocationHelper.invokeMethod(MethodInvocationHelper.java:133)
at org.testng.internal.TestInvoker.invokeMethod(TestInvoker.java:598)
at org.testng.internal.TestInvoker.invokeTestMethod(TestInvoker.java:173)
at org.testng.internal.MethodRunner.runInSequence(MethodRunner.java:46)
at org.testng.internal.TestInvoker$MethodInvocationAgent.invoke(TestInvoker.java:824)
at org.testng.internal.TestInvoker.invokeTestMethods(TestInvoker.java:146)
at org.testng.internal.TestMethodWorker.invokeTestMethods(TestMethodWorker.java:146)
at org.testng.internal.TestMethodWorker.run(TestMethodWorker.java:128)
at java.base/java.util.ArrayList.forEach(ArrayList.java:1511)
at org.testng.TestRunner.privateRun(TestRunner.java:794)
at org.testng.TestRunner.run(TestRunner.java:596)
at org.testng.SuiteRunner.runTest(SuiteRunner.java:377)
at org.testng.SuiteRunner.runSequentially(SuiteRunner.java:371)
at org.testng.SuiteRunner.privateRun(SuiteRunner.java:332)
at org.testng.SuiteRunner.run(SuiteRunner.java:276)
at org.testng.SuiteRunnerWorker.runSuite(SuiteRunnerWorker.java:53)
at org.testng.SuiteRunnerWorker.run(SuiteRunnerWorker.java:96)
at org.testng.TestNG.runSuitesSequentially(TestNG.java:1212)
at org.testng.TestNG.runSuitesLocally(TestNG.java:1134)
at org.testng.TestNG.runSuites(TestNG.java:1063)
at org.testng.TestNG.run(TestNG.java:1031)
at org.testng.remote.AbstractRemoteTestNG.run(AbstractRemoteTestNG.java:115)
at org.testng.remote.RemoteTestNG.initAndRun(RemoteTestNG.java:251)
at org.testng.remote.RemoteTestNG.main(RemoteTestNG.java:77)
]]>
            </full-stacktrace>
          </exception> <!-- java.lang.AssertionError -->
          <reporter-output>
          </reporter-output>
        </test-method> <!-- loginTest -->
        <test-method is-config="true" signature="teardown()[pri:0, instance:com.testCases.TC_LoginTest_001@3fa247d1]" started-at="2021-09-15T14:41:48 IST" name="teardown" finished-at="2021-09-15T14:41:48 IST" duration-ms="207" status="PASS">
          <reporter-output>
          </reporter-output>
        </test-method> <!-- teardown -->
      </class> <!-- com.testCases.TC_LoginTest_001 -->
    </test> <!-- Login Test -->
    <test started-at="2021-09-15T14:41:50 IST" name="Form Test" finished-at="2021-09-15T14:42:00 IST" duration-ms="10029">
      <class name="com.testCases.TC_FormTest_002">
        <test-method is-config="true" signature="init()[pri:0, instance:com.testCases.TC_FormTest_002@55c53a33]" started-at="2021-09-15T14:41:50 IST" name="init" finished-at="2021-09-15T14:41:55 IST" duration-ms="5808" status="PASS">
          <reporter-output>
          </reporter-output>
        </test-method> <!-- init -->
        <test-method signature="formTest()[pri:0, instance:com.testCases.TC_FormTest_002@55c53a33]" started-at="2021-09-15T14:41:55 IST" name="formTest" finished-at="2021-09-15T14:41:59 IST" duration-ms="4040" status="PASS">
          <reporter-output>
          </reporter-output>
        </test-method> <!-- formTest -->
        <test-method is-config="true" signature="teardown()[pri:0, instance:com.testCases.TC_FormTest_002@55c53a33]" started-at="2021-09-15T14:41:59 IST" name="teardown" finished-at="2021-09-15T14:42:00 IST" duration-ms="177" status="PASS">
          <reporter-output>
          </reporter-output>
        </test-method> <!-- teardown -->
      </class> <!-- com.testCases.TC_FormTest_002 -->
    </test> <!-- Form Test -->
    <test started-at="2021-09-15T14:42:00 IST" name="Info Test" finished-at="2021-09-15T14:42:12 IST" duration-ms="12065">
      <class name="com.testCases.TC_CreateInfoTest_003">
        <test-method is-config="true" signature="init()[pri:0, instance:com.testCases.TC_CreateInfoTest_003@f14a7d4]" started-at="2021-09-15T14:42:00 IST" name="init" finished-at="2021-09-15T14:42:07 IST" duration-ms="7396" status="PASS">
          <reporter-output>
          </reporter-output>
        </test-method> <!-- init -->
        <test-method signature="crateInfo()[pri:0, instance:com.testCases.TC_CreateInfoTest_003@f14a7d4]" started-at="2021-09-15T14:42:07 IST" name="crateInfo" finished-at="2021-09-15T14:42:12 IST" duration-ms="4543" status="PASS">
          <reporter-output>
          </reporter-output>
        </test-method> <!-- crateInfo -->
        <test-method is-config="true" signature="teardown()[pri:0, instance:com.testCases.TC_CreateInfoTest_003@f14a7d4]" started-at="2021-09-15T14:42:12 IST" name="teardown" finished-at="2021-09-15T14:42:12 IST" duration-ms="118" status="PASS">
          <reporter-output>
          </reporter-output>
        </test-method> <!-- teardown -->
      </class> <!-- com.testCases.TC_CreateInfoTest_003 -->
    </test> <!-- Info Test -->
    <test started-at="2021-09-15T14:42:12 IST" name="LoginDDT Test" finished-at="2021-09-15T14:42:30 IST" duration-ms="18438">
      <class name="com.testCases.TC_LoginDDTTest_">
        <test-method is-config="true" signature="init()[pri:0, instance:com.testCases.TC_LoginDDTTest_@a307a8c]" started-at="2021-09-15T14:42:12 IST" name="init" finished-at="2021-09-15T14:42:14 IST" duration-ms="2134" status="PASS">
          <reporter-output>
          </reporter-output>
        </test-method> <!-- init -->
        <test-method signature="loginDDTTest(java.lang.String,java.lang.String)[pri:0, instance:com.testCases.TC_LoginDDTTest_@a307a8c]" started-at="2021-09-15T14:42:20 IST" name="loginDDTTest" data-provider="LoginData" finished-at="2021-09-15T14:42:26 IST" duration-ms="6605" status="PASS">
          <params>
            <param index="0">
              <value>
                <![CDATA[sayali123]]>
              </value>
            </param>
            <param index="1">
              <value>
                <![CDATA[sayali123]]>
              </value>
            </param>
          </params>
          <reporter-output>
          </reporter-output>
        </test-method> <!-- loginDDTTest -->
        <test-method signature="loginDDTTest(java.lang.String,java.lang.String)[pri:0, instance:com.testCases.TC_LoginDDTTest_@a307a8c]" started-at="2021-09-15T14:42:26 IST" name="loginDDTTest" data-provider="LoginData" finished-at="2021-09-15T14:42:28 IST" duration-ms="1387" status="FAIL">
          <params>
            <param index="0">
              <value>
                <![CDATA[vdsbdfg]]>
              </value>
            </param>
            <param index="1">
              <value>
                <![CDATA[njnknk]]>
              </value>
            </param>
          </params>
          <exception class="java.lang.AssertionError">
            <message>
              <![CDATA[expected [true] but found [false]]]>
            </message>
            <full-stacktrace>
              <![CDATA[java.lang.AssertionError: expected [true] but found [false]
at org.testng.Assert.fail(Assert.java:99)
at org.testng.Assert.failNotEquals(Assert.java:1037)
at org.testng.Assert.assertTrue(Assert.java:45)
at org.testng.Assert.assertTrue(Assert.java:55)
at com.testCases.TC_LoginDDTTest_.loginDDTTest(TC_LoginDDTTest_.java:49)
at java.base/jdk.internal.reflect.NativeMethodAccessorImpl.invoke0(Native Method)
at java.base/jdk.internal.reflect.NativeMethodAccessorImpl.invoke(NativeMethodAccessorImpl.java:64)
at java.base/jdk.internal.reflect.DelegatingMethodAccessorImpl.invoke(DelegatingMethodAccessorImpl.java:43)
at java.base/java.lang.reflect.Method.invoke(Method.java:564)
at org.testng.internal.MethodInvocationHelper.invokeMethod(MethodInvocationHelper.java:133)
at org.testng.internal.TestInvoker.invokeMethod(TestInvoker.java:598)
at org.testng.internal.TestInvoker.invokeTestMethod(TestInvoker.java:173)
at org.testng.internal.MethodRunner.runInSequence(MethodRunner.java:46)
at org.testng.internal.TestInvoker$MethodInvocationAgent.invoke(TestInvoker.java:824)
at org.testng.internal.TestInvoker.invokeTestMethods(TestInvoker.java:146)
at org.testng.internal.TestMethodWorker.invokeTestMethods(TestMethodWorker.java:146)
at org.testng.internal.TestMethodWorker.run(TestMethodWorker.java:128)
at java.base/java.util.ArrayList.forEach(ArrayList.java:1511)
at org.testng.TestRunner.privateRun(TestRunner.java:794)
at org.testng.TestRunner.run(TestRunner.java:596)
at org.testng.SuiteRunner.runTest(SuiteRunner.java:377)
at org.testng.SuiteRunner.runSequentially(SuiteRunner.java:371)
at org.testng.SuiteRunner.privateRun(SuiteRunner.java:332)
at org.testng.SuiteRunner.run(SuiteRunner.java:276)
at org.testng.SuiteRunnerWorker.runSuite(SuiteRunnerWorker.java:53)
at org.testng.SuiteRunnerWorker.run(SuiteRunnerWorker.java:96)
at org.testng.TestNG.runSuitesSequentially(TestNG.java:1212)
at org.testng.TestNG.runSuitesLocally(TestNG.java:1134)
at org.testng.TestNG.runSuites(TestNG.java:1063)
at org.testng.TestNG.run(TestNG.java:1031)
at org.testng.remote.AbstractRemoteTestNG.run(AbstractRemoteTestNG.java:115)
at org.testng.remote.RemoteTestNG.initAndRun(RemoteTestNG.java:251)
at org.testng.remote.RemoteTestNG.main(RemoteTestNG.java:77)
]]>
            </full-stacktrace>
          </exception> <!-- java.lang.AssertionError -->
          <reporter-output>
          </reporter-output>
        </test-method> <!-- loginDDTTest -->
        <test-method signature="loginDDTTest(java.lang.String,java.lang.String)[pri:0, instance:com.testCases.TC_LoginDDTTest_@a307a8c]" started-at="2021-09-15T14:42:28 IST" name="loginDDTTest" data-provider="LoginData" finished-at="2021-09-15T14:42:30 IST" duration-ms="2192" status="FAIL">
          <params>
            <param index="0">
              <value>
                <![CDATA[hujhhnjjli]]>
              </value>
            </param>
            <param index="1">
              <value>
                <![CDATA[gvvjv]]>
              </value>
            </param>
          </params>
          <exception class="java.lang.AssertionError">
            <message>
              <![CDATA[expected [true] but found [false]]]>
            </message>
            <full-stacktrace>
              <![CDATA[java.lang.AssertionError: expected [true] but found [false]
at org.testng.Assert.fail(Assert.java:99)
at org.testng.Assert.failNotEquals(Assert.java:1037)
at org.testng.Assert.assertTrue(Assert.java:45)
at org.testng.Assert.assertTrue(Assert.java:55)
at com.testCases.TC_LoginDDTTest_.loginDDTTest(TC_LoginDDTTest_.java:49)
at java.base/jdk.internal.reflect.NativeMethodAccessorImpl.invoke0(Native Method)
at java.base/jdk.internal.reflect.NativeMethodAccessorImpl.invoke(NativeMethodAccessorImpl.java:64)
at java.base/jdk.internal.reflect.DelegatingMethodAccessorImpl.invoke(DelegatingMethodAccessorImpl.java:43)
at java.base/java.lang.reflect.Method.invoke(Method.java:564)
at org.testng.internal.MethodInvocationHelper.invokeMethod(MethodInvocationHelper.java:133)
at org.testng.internal.TestInvoker.invokeMethod(TestInvoker.java:598)
at org.testng.internal.TestInvoker.invokeTestMethod(TestInvoker.java:173)
at org.testng.internal.MethodRunner.runInSequence(MethodRunner.java:46)
at org.testng.internal.TestInvoker$MethodInvocationAgent.invoke(TestInvoker.java:824)
at org.testng.internal.TestInvoker.invokeTestMethods(TestInvoker.java:146)
at org.testng.internal.TestMethodWorker.invokeTestMethods(TestMethodWorker.java:146)
at org.testng.internal.TestMethodWorker.run(TestMethodWorker.java:128)
at java.base/java.util.ArrayList.forEach(ArrayList.java:1511)
at org.testng.TestRunner.privateRun(TestRunner.java:794)
at org.testng.TestRunner.run(TestRunner.java:596)
at org.testng.SuiteRunner.runTest(SuiteRunner.java:377)
at org.testng.SuiteRunner.runSequentially(SuiteRunner.java:371)
at org.testng.SuiteRunner.privateRun(SuiteRunner.java:332)
at org.testng.SuiteRunner.run(SuiteRunner.java:276)
at org.testng.SuiteRunnerWorker.runSuite(SuiteRunnerWorker.java:53)
at org.testng.SuiteRunnerWorker.run(SuiteRunnerWorker.java:96)
at org.testng.TestNG.runSuitesSequentially(TestNG.java:1212)
at org.testng.TestNG.runSuitesLocally(TestNG.java:1134)
at org.testng.TestNG.runSuites(TestNG.java:1063)
at org.testng.TestNG.run(TestNG.java:1031)
at org.testng.remote.AbstractRemoteTestNG.run(AbstractRemoteTestNG.java:115)
at org.testng.remote.RemoteTestNG.initAndRun(RemoteTestNG.java:251)
at org.testng.remote.RemoteTestNG.main(RemoteTestNG.java:77)
]]>
            </full-stacktrace>
          </exception> <!-- java.lang.AssertionError -->
          <reporter-output>
          </reporter-output>
        </test-method> <!-- loginDDTTest -->
        <test-method is-config="true" signature="teardown()[pri:0, instance:com.testCases.TC_LoginDDTTest_@a307a8c]" started-at="2021-09-15T14:42:30 IST" name="teardown" finished-at="2021-09-15T14:42:30 IST" duration-ms="111" status="PASS">
          <reporter-output>
          </reporter-output>
        </test-method> <!-- teardown -->
      </class> <!-- com.testCases.TC_LoginDDTTest_ -->
    </test> <!-- LoginDDT Test -->
    <test started-at="2021-09-15T14:42:30 IST" name="InfoDDT Test" finished-at="2021-09-15T14:42:50 IST" duration-ms="19220">
      <class name="com.testCases.TC_CreateInfoDDTTest_4">
        <test-method is-config="true" signature="init()[pri:0, instance:com.testCases.TC_CreateInfoDDTTest_4@3fc79729]" started-at="2021-09-15T14:42:30 IST" name="init" finished-at="2021-09-15T14:42:35 IST" duration-ms="4962" status="PASS">
          <reporter-output>
          </reporter-output>
        </test-method> <!-- init -->
        <test-method signature="EnterInfo(java.lang.String,java.lang.String,java.lang.String,java.lang.String,java.lang.String,java.lang.String)[pri:0, instance:com.testCases.TC_CreateInfoDDTTest_4@3fc79729]" started-at="2021-09-15T14:42:35 IST" name="EnterInfo" data-provider="getData" finished-at="2021-09-15T14:42:45 IST" duration-ms="9898" status="PASS">
          <params>
            <param index="0">
              <value>
                <![CDATA[sai]]>
              </value>
            </param>
            <param index="1">
              <value>
                <![CDATA[techm]]>
              </value>
            </param>
            <param index="2">
              <value>
                <![CDATA[mumbai]]>
              </value>
            </param>
            <param index="3">
              <value>
                <![CDATA[thane]]>
              </value>
            </param>
            <param index="4">
              <value>
                <![CDATA[5674534567]]>
              </value>
            </param>
            <param index="5">
              <value>
                <![CDATA[saibhbhbh@gmail.com]]>
              </value>
            </param>
          </params>
          <reporter-output>
          </reporter-output>
        </test-method> <!-- EnterInfo -->
        <test-method signature="EnterInfo(java.lang.String,java.lang.String,java.lang.String,java.lang.String,java.lang.String,java.lang.String)[pri:0, instance:com.testCases.TC_CreateInfoDDTTest_4@3fc79729]" started-at="2021-09-15T14:42:45 IST" name="EnterInfo" data-provider="getData" finished-at="2021-09-15T14:42:49 IST" duration-ms="4231" status="PASS">
          <params>
            <param index="0">
              <value>
                <![CDATA[priya]]>
              </value>
            </param>
            <param index="1">
              <value>
                <![CDATA[amdocs]]>
              </value>
            </param>
            <param index="2">
              <value>
                <![CDATA[pune]]>
              </value>
            </param>
            <param index="3">
              <value>
                <![CDATA[kothrud]]>
              </value>
            </param>
            <param index="4">
              <value>
                <![CDATA[5674534677]]>
              </value>
            </param>
            <param index="5">
              <value>
                <![CDATA[p34@gmail.com]]>
              </value>
            </param>
          </params>
          <reporter-output>
          </reporter-output>
        </test-method> <!-- EnterInfo -->
        <test-method is-config="true" signature="teardown()[pri:0, instance:com.testCases.TC_CreateInfoDDTTest_4@3fc79729]" started-at="2021-09-15T14:42:49 IST" name="teardown" finished-at="2021-09-15T14:42:50 IST" duration-ms="122" status="PASS">
          <reporter-output>
          </reporter-output>
        </test-method> <!-- teardown -->
      </class> <!-- com.testCases.TC_CreateInfoDDTTest_4 -->
    </test> <!-- InfoDDT Test -->
  </suite> <!-- Suite -->
</testng-results>
